Bundling asset wanthat-dev-data/DbMigrator/Code/Stage...
▲ [WARNING] "import.meta" is not available with the "cjs" output format and will be empty [empty-import-meta]

    packages/db/dist/migrator.js:5:59:
      5 │ ...(path.dirname(fileURLToPath(import.meta.url)), "..", "migrations");
        ╵                                ~~~~~~~~~~~

  You need to set the output format to "esm" for "import.meta" to work correctly.

1 warning

  ...0c6c588f11fa13d5cfb333ff9285df5e4ecff30d67fe21-building/index.js  310.4kb
  ...588f11fa13d5cfb333ff9285df5e4ecff30d67fe21-building/index.js.map    1.4mb

⚡ Done in 55ms
Bundling asset wanthat-dev-api/AppApi/Code/Stage...
▲ [WARNING] "import.meta" is not available with the "cjs" output format and will be empty [empty-import-meta]

    packages/db/dist/migrator.js:5:59:
      5 │ ...(path.dirname(fileURLToPath(import.meta.url)), "..", "migrations");
        ╵                                ~~~~~~~~~~~

  You need to set the output format to "esm" for "import.meta" to work correctly.

1 warning

  ...337d1ddcffebe92e0e2922388f42dbf04f58ab5992fd1c-building/index.js  319.3kb
  ...1ddcffebe92e0e2922388f42dbf04f58ab5992fd1c-building/index.js.map    1.4mb

⚡ Done in 58ms
Bundling asset wanthat-dev-admin/AdminApi/Code/Stage...

  ...50d53d38c5149b5fd16208d805700f6d356d47791cde7658-building/index.js  689b 
  ...3d38c5149b5fd16208d805700f6d356d47791cde7658-building/index.js.map  1.2kb

⚡ Done in 3ms
Bundling asset wanthat-dev-edge-services/Landing/Code/Stage...

  ...17734f668a24f35595ff920b2d3e3a387a9444af02cc476c-building/index.js  687b 
  ...4f668a24f35595ff920b2d3e3a387a9444af02cc476c-building/index.js.map  1.8kb

⚡ Done in 3ms
Bundling asset wanthat-dev-edge-services/RetailerProxy/Code/Stage...

  ...fac6f2f8d055e038dd0cd0cb6805a3eb18acad981de6d8-building/index.js   22.1kb
  ...f2f8d055e038dd0cd0cb6805a3eb18acad981de6d8-building/index.js.map  138.8kb

⚡ Done in 8ms
Bundling asset wanthat-dev-edge-services/ConversionPoller/Code/Stage...

  ...07c7c2a29c2beee2cfaac337dbfd778f460b60744be31a-building/index.js   21.9kb
  ...c2a29c2beee2cfaac337dbfd778f460b60744be31a-building/index.js.map  138.0kb

⚡ Done in 7ms
Bundling asset wanthat-dev-edge-services/FxRates/Code/Stage...

  ...79a300739af1ee2bdfa6cce76dfbb2fe83ff8f2df43169-building/index.js   91.3kb
  ...00739af1ee2bdfa6cce76dfbb2fe83ff8f2df43169-building/index.js.map  453.1kb

⚡ Done in 24ms
80 feature flags are not configured. Run 'cdk flags --unstable=flags' to learn more.
